<?xml version="1.0" encoding="UTF-8"?>
<testsuite name="me.denden.springbootdeveloper.controller.BlogApiControllerTest" tests="5" skipped="0" failures="0" errors="0" timestamp="2024-03-25T02:22:31" hostname="taewoo" time="0.364">
  <properties/>
  <testcase name="deleteArticle: 블로그 글 삭제에 성공한다." classname="me.denden.springbootdeveloper.controller.BlogApiControllerTest" time="0.262"/>
  <testcase name="findArticle: 블로그 글 조회에 성공한다." classname="me.denden.springbootdeveloper.controller.BlogApiControllerTest" time="0.04"/>
  <testcase name="findAllArticles: 블로그 글 목록 조회에 성공한다." classname="me.denden.springbootdeveloper.controller.BlogApiControllerTest" time="0.012"/>
  <testcase name="addArticle: 블로그 글 추가에 성공한다." classname="me.denden.springbootdeveloper.controller.BlogApiControllerTest" time="0.03"/>
  <testcase name="updateArticle: 블로그 글 수정에 성공한다." classname="me.denden.springbootdeveloper.controller.BlogApiControllerTest" time="0.016"/>
  <system-out><![CDATA[11:22:29.462 [Test worker] DEBUG org.springframework.boot.test.context.SpringBootTestContextBootstrapper - Neither @ContextConfiguration nor @ContextHierarchy found for test class [BlogApiControllerTest]: using SpringBootContextLoader
11:22:29.465 [Test worker] DEBUG org.springframework.test.context.support.AbstractContextLoader - Could not detect default resource locations for test class [me.denden.springbootdeveloper.controller.BlogApiControllerTest]: no resource found for suffixes {-context.xml, Context.groovy}.
11:22:29.465 [Test worker] INFO org.springframework.test.context.support.AnnotationConfigContextLoaderUtils - Could not detect default configuration classes for test class [me.denden.springbootdeveloper.controller.BlogApiControllerTest]: BlogApiControllerTest does not declare any static, non-private, non-final, nested classes annotated with @Configuration.
11:22:29.476 [Test worker] DEBUG org.springframework.boot.test.context.SpringBootTestContextBootstrapper - Using ContextCustomizers for test class [BlogApiControllerTest]: [DisableObservabilityContextCustomizer, PropertyMappingContextCustomizer, Customizer, ImportsContextCustomizer, ExcludeFilterContextCustomizer, DuplicateJsonObjectContextCustomizer, MockitoContextCustomizer, TestRestTemplateContextCustomizer]
11:22:29.511 [Test worker] DEBUG org.springframework.context.annotation.ClassPathScanningCandidateComponentProvider - Identified candidate component class: file [/Users/ptw/Desktop/denproject/build/classes/java/main/me/denden/springbootdeveloper/SpringBootDeveloperApplication.class]
11:22:29.511 [Test worker] INFO org.springframework.boot.test.context.SpringBootTestContextBootstrapper - Found @SpringBootConfiguration me.denden.springbootdeveloper.SpringBootDeveloperApplication for test class me.denden.springbootdeveloper.controller.BlogApiControllerTest
11:22:29.543 [Test worker] DEBUG org.springframework.boot.test.context.SpringBootTestContextBootstrapper - Using TestExecutionListeners for test class [BlogApiControllerTest]: [ServletTestExecutionListener, DirtiesContextBeforeModesTestExecutionListener, ApplicationEventsTestExecutionListener, MockitoTestExecutionListener, DependencyInjectionTestExecutionListener, DirtiesContextTestExecutionListener, TransactionalTestExecutionListener, SqlScriptsTestExecutionListener, WithSecurityContextTestExecutionListener, EventPublishingTestExecutionListener, ReactorContextTestExecutionListener, RestDocsTestExecutionListener, MockRestServiceServerResetTestExecutionListener, MockMvcPrintOnlyOnFailureTestExecutionListener, WebDriverTestExecutionListener, MockWebServiceServerTestExecutionListener, ResetMocksTestExecutionListener]
11:22:29.544 [Test worker] DEBUG org.springframework.test.context.support.AbstractDirtiesContextTestExecutionListener - Before test class: class [BlogApiControllerTest], class annotated with @DirtiesContext [false] with mode [null]

  .   ____          _            __ _ _
 /\\ / ___'_ __ _ _(_)_ __  __ _ \ \ \ \
( ( )\___ | '_ | '_| | '_ \/ _` | \ \ \ \
 \\/  ___)| |_)| | | | | || (_| |  ) ) ) )
  '  |____| .__|_| |_|_| |_\__, | / / / /
 =========|_|==============|___/=/_/_/_/
 :: Spring Boot ::                (v3.0.2)

2024-03-25T11:22:29.671+09:00  INFO 83461 --- [    Test worker] m.d.s.controller.BlogApiControllerTest   : Starting BlogApiControllerTest using Java 17.0.9 with PID 83461 (started by ptw in /Users/ptw/Desktop/denproject)
2024-03-25T11:22:29.672+09:00  INFO 83461 --- [    Test worker] m.d.s.controller.BlogApiControllerTest   : No active profile set, falling back to 1 default profile: "default"
2024-03-25T11:22:29.899+09:00  INFO 83461 --- [    Test worker] .s.d.r.c.RepositoryConfigurationDelegate : Bootstrapping Spring Data JPA repositories in DEFAULT mode.
2024-03-25T11:22:29.918+09:00  INFO 83461 --- [    Test worker] .s.d.r.c.RepositoryConfigurationDelegate : Finished Spring Data repository scanning in 16 ms. Found 1 JPA repository interfaces.
2024-03-25T11:22:30.093+09:00  INFO 83461 --- [    Test worker] com.zaxxer.hikari.HikariDataSource       : HikariPool-1 - Starting...
2024-03-25T11:22:30.164+09:00  INFO 83461 --- [    Test worker] com.zaxxer.hikari.pool.HikariPool        : HikariPool-1 - Added connection conn0: url=jdbc:h2:mem:testdb user=SA
2024-03-25T11:22:30.165+09:00  INFO 83461 --- [    Test worker] com.zaxxer.hikari.HikariDataSource       : HikariPool-1 - Start completed.
2024-03-25T11:22:30.183+09:00  INFO 83461 --- [    Test worker] o.hibernate.jpa.internal.util.LogHelper  : HHH000204: Processing PersistenceUnitInfo [name: default]
2024-03-25T11:22:30.199+09:00  INFO 83461 --- [    Test worker] org.hibernate.Version                    : HHH000412: Hibernate ORM core version 6.1.6.Final
2024-03-25T11:22:30.262+09:00  WARN 83461 --- [    Test worker] org.hibernate.orm.deprecation            : HHH90000021: Encountered deprecated setting [javax.persistence.sharedCache.mode], use [jakarta.persistence.sharedCache.mode] instead
2024-03-25T11:22:30.315+09:00  INFO 83461 --- [    Test worker] SQL dialect                              : HHH000400: Using dialect: org.hibernate.dialect.H2Dialect
Hibernate: 
    
    drop table if exists article cascade 
Hibernate: 
    
    create table article (
       id bigint generated by default as identity,
        content varchar(255) not null,
        created_at timestamp(6),
        title varchar(255) not null,
        updated_at timestamp(6),
        primary key (id)
    )
2024-03-25T11:22:30.595+09:00  INFO 83461 --- [    Test worker] o.h.e.t.j.p.i.JtaPlatformInitiator       : HHH000490: Using JtaPlatform implementation: [org.hibernate.engine.transaction.jta.platform.internal.NoJtaPlatform]
2024-03-25T11:22:30.598+09:00  INFO 83461 --- [    Test worker] j.LocalContainerEntityManagerFactoryBean : Initialized JPA EntityManagerFactory for persistence unit 'default'
2024-03-25T11:22:30.764+09:00  WARN 83461 --- [    Test worker] JpaBaseConfiguration$JpaWebConfiguration : spring.jpa.open-in-view is enabled by default. Therefore, database queries may be performed during view rendering. Explicitly configure spring.jpa.open-in-view to disable this warning
2024-03-25T11:22:30.906+09:00  INFO 83461 --- [    Test worker] o.s.b.a.h2.H2ConsoleAutoConfiguration    : H2 console available at '/h2-console'. Database available at 'jdbc:h2:mem:testdb'
2024-03-25T11:22:30.933+09:00  WARN 83461 --- [    Test worker] .s.s.UserDetailsServiceAutoConfiguration : 

Using generated security password: ac170c5c-6132-4639-be92-bddf83a6d455

This generated password is for development use only. Your security configuration must be updated before running your application in production.

2024-03-25T11:22:30.988+09:00  INFO 83461 --- [    Test worker] o.s.s.web.DefaultSecurityFilterChain     : Will secure any request with [org.springframework.security.web.session.DisableEncodeUrlFilter@209d0037, org.springframework.security.web.context.request.async.WebAsyncManagerIntegrationFilter@22f0e329, org.springframework.security.web.context.SecurityContextHolderFilter@16e3d6d0, org.springframework.security.web.header.HeaderWriterFilter@3ca5da54, org.springframework.security.web.csrf.CsrfFilter@6f986031, org.springframework.security.web.authentication.logout.LogoutFilter@53dd29e0, org.springframework.security.web.authentication.UsernamePasswordAuthenticationFilter@446fb72e, org.springframework.security.web.authentication.ui.DefaultLoginPageGeneratingFilter@623d222, org.springframework.security.web.authentication.ui.DefaultLogoutPageGeneratingFilter@3b39bee2, org.springframework.security.web.authentication.www.BasicAuthenticationFilter@5f6ba085, org.springframework.security.web.savedrequest.RequestCacheAwareFilter@56017274, org.springframework.security.web.servletapi.SecurityContextHolderAwareRequestFilter@4c1fed69, org.springframework.security.web.authentication.AnonymousAuthenticationFilter@20ddc780, org.springframework.security.web.access.ExceptionTranslationFilter@b332eda, org.springframework.security.web.access.intercept.AuthorizationFilter@6771efaa]
2024-03-25T11:22:31.021+09:00  INFO 83461 --- [    Test worker] o.s.b.t.m.w.SpringBootMockServletContext : Initializing Spring TestDispatcherServlet ''
2024-03-25T11:22:31.021+09:00  INFO 83461 --- [    Test worker] o.s.t.web.servlet.TestDispatcherServlet  : Initializing Servlet ''
2024-03-25T11:22:31.022+09:00  INFO 83461 --- [    Test worker] o.s.t.web.servlet.TestDispatcherServlet  : Completed initialization in 1 ms
2024-03-25T11:22:31.036+09:00  INFO 83461 --- [    Test worker] m.d.s.controller.BlogApiControllerTest   : Started BlogApiControllerTest in 1.476 seconds (process running for 1.909)
2024-03-25T11:22:31.112+09:00  INFO 83461 --- [    Test worker] o.s.b.t.m.w.SpringBootMockServletContext : Initializing Spring TestDispatcherServlet ''
2024-03-25T11:22:31.112+09:00  INFO 83461 --- [    Test worker] o.s.t.web.servlet.TestDispatcherServlet  : Initializing Servlet ''
2024-03-25T11:22:31.112+09:00  INFO 83461 --- [    Test worker] o.s.t.web.servlet.TestDispatcherServlet  : Completed initialization in 0 ms
Hibernate: 
    select
        a1_0.id,
        a1_0.content,
        a1_0.created_at,
        a1_0.title,
        a1_0.updated_at 
    from
        article a1_0
Hibernate: 
    delete 
    from
        article 
    where
        id=?
Hibernate: 
    delete 
    from
        article 
    where
        id=?
Hibernate: 
    delete 
    from
        article 
    where
        id=?
Hibernate: 
    insert 
    into
        article
        (id, content, created_at, title, updated_at) 
    values
        (default, ?, ?, ?, ?)
Hibernate: 
    select
        a1_0.id,
        a1_0.content,
        a1_0.created_at,
        a1_0.title,
        a1_0.updated_at 
    from
        article a1_0 
    where
        a1_0.id=?
Hibernate: 
    delete 
    from
        article 
    where
        id=?
Hibernate: 
    select
        a1_0.id,
        a1_0.content,
        a1_0.created_at,
        a1_0.title,
        a1_0.updated_at 
    from
        article a1_0
2024-03-25T11:22:31.308+09:00  INFO 83461 --- [    Test worker] o.s.b.t.m.w.SpringBootMockServletContext : Initializing Spring TestDispatcherServlet ''
2024-03-25T11:22:31.308+09:00  INFO 83461 --- [    Test worker] o.s.t.web.servlet.TestDispatcherServlet  : Initializing Servlet ''
2024-03-25T11:22:31.308+09:00  INFO 83461 --- [    Test worker] o.s.t.web.servlet.TestDispatcherServlet  : Completed initialization in 0 ms
Hibernate: 
    select
        a1_0.id,
        a1_0.content,
        a1_0.created_at,
        a1_0.title,
        a1_0.updated_at 
    from
        article a1_0
Hibernate: 
    insert 
    into
        article
        (id, content, created_at, title, updated_at) 
    values
        (default, ?, ?, ?, ?)
Hibernate: 
    select
        a1_0.id,
        a1_0.content,
        a1_0.created_at,
        a1_0.title,
        a1_0.updated_at 
    from
        article a1_0 
    where
        a1_0.id=?
2024-03-25T11:22:31.349+09:00  INFO 83461 --- [    Test worker] o.s.b.t.m.w.SpringBootMockServletContext : Initializing Spring TestDispatcherServlet ''
2024-03-25T11:22:31.349+09:00  INFO 83461 --- [    Test worker] o.s.t.web.servlet.TestDispatcherServlet  : Initializing Servlet ''
2024-03-25T11:22:31.349+09:00  INFO 83461 --- [    Test worker] o.s.t.web.servlet.TestDispatcherServlet  : Completed initialization in 0 ms
Hibernate: 
    select
        a1_0.id,
        a1_0.content,
        a1_0.created_at,
        a1_0.title,
        a1_0.updated_at 
    from
        article a1_0
Hibernate: 
    delete 
    from
        article 
    where
        id=?
Hibernate: 
    insert 
    into
        article
        (id, content, created_at, title, updated_at) 
    values
        (default, ?, ?, ?, ?)
Hibernate: 
    select
        a1_0.id,
        a1_0.content,
        a1_0.created_at,
        a1_0.title,
        a1_0.updated_at 
    from
        article a1_0
2024-03-25T11:22:31.361+09:00  INFO 83461 --- [    Test worker] o.s.b.t.m.w.SpringBootMockServletContext : Initializing Spring TestDispatcherServlet ''
2024-03-25T11:22:31.361+09:00  INFO 83461 --- [    Test worker] o.s.t.web.servlet.TestDispatcherServlet  : Initializing Servlet ''
2024-03-25T11:22:31.361+09:00  INFO 83461 --- [    Test worker] o.s.t.web.servlet.TestDispatcherServlet  : Completed initialization in 0 ms
Hibernate: 
    select
        a1_0.id,
        a1_0.content,
        a1_0.created_at,
        a1_0.title,
        a1_0.updated_at 
    from
        article a1_0
Hibernate: 
    delete 
    from
        article 
    where
        id=?
Hibernate: 
    insert 
    into
        article
        (id, content, created_at, title, updated_at) 
    values
        (default, ?, ?, ?, ?)
Hibernate: 
    select
        a1_0.id,
        a1_0.content,
        a1_0.created_at,
        a1_0.title,
        a1_0.updated_at 
    from
        article a1_0
2024-03-25T11:22:31.393+09:00  INFO 83461 --- [    Test worker] o.s.b.t.m.w.SpringBootMockServletContext : Initializing Spring TestDispatcherServlet ''
2024-03-25T11:22:31.393+09:00  INFO 83461 --- [    Test worker] o.s.t.web.servlet.TestDispatcherServlet  : Initializing Servlet ''
2024-03-25T11:22:31.393+09:00  INFO 83461 --- [    Test worker] o.s.t.web.servlet.TestDispatcherServlet  : Completed initialization in 0 ms
Hibernate: 
    select
        a1_0.id,
        a1_0.content,
        a1_0.created_at,
        a1_0.title,
        a1_0.updated_at 
    from
        article a1_0
Hibernate: 
    delete 
    from
        article 
    where
        id=?
Hibernate: 
    insert 
    into
        article
        (id, content, created_at, title, updated_at) 
    values
        (default, ?, ?, ?, ?)
Hibernate: 
    select
        a1_0.id,
        a1_0.content,
        a1_0.created_at,
        a1_0.title,
        a1_0.updated_at 
    from
        article a1_0 
    where
        a1_0.id=?
Hibernate: 
    update
        article 
    set
        content=?,
        created_at=?,
        title=?,
        updated_at=? 
    where
        id=?
Hibernate: 
    select
        a1_0.id,
        a1_0.content,
        a1_0.created_at,
        a1_0.title,
        a1_0.updated_at 
    from
        article a1_0 
    where
        a1_0.id=?
]]></system-out>
  <system-err><![CDATA[]]></system-err>
</testsuite>
